<?xml version="1.0" encoding="UTF-8"?>
<testsuite name="PrimeCalculatorTest" tests="5" skipped="0" failures="0" errors="0" timestamp="2023-10-10T14:24:40" hostname="Parths-MacBook-Air.local" time="0.038">
  <properties/>
  <testcase name="testUndefinedPrime" classname="PrimeCalculatorTest" time="0.032"/>
  <testcase name="testSixthPrime" classname="PrimeCalculatorTest" time="0.001"/>
  <testcase name="testFirstPrime" classname="PrimeCalculatorTest" time="0.001"/>
  <testcase name="testSecondPrime" classname="PrimeCalculatorTest" time="0.0"/>
  <testcase name="testBigPrime" classname="PrimeCalculatorTest" time="0.004"/>
  <system-out><![CDATA[]]></system-out>
  <system-err><![CDATA[]]></system-err>
</testsuite>
